<?xml version="1.0" encoding="UTF-8"?>
<!-- Generated by org.testng.reporters.JUnitReportReporter -->
<testsuite skipped="0" hostname="QJ08131883" name="Tests" tests="1" failures="0" timestamp="01 Oct 2019 17:44:51 GMT" time="4.360" errors="0">
  <testcase name="translateLanguage" time="4.360" classname="Tests"/>
</testsuite> <!-- Tests -->
